[debug] [2021-10-11T14:34:00.896Z] ----------------------------------------------------------------------
[debug] [2021-10-11T14:34:00.898Z] Command:       D:\nodejs\node.exe C:\Users\carlo\AppData\Roaming\npm\node_modules\firebase-tools\lib\bin\firebase.js init
[debug] [2021-10-11T14:34:00.899Z] CLI Version:   9.19.0
[debug] [2021-10-11T14:34:00.899Z] Platform:      win32
[debug] [2021-10-11T14:34:00.899Z] Node Version:  v14.17.5
[debug] [2021-10-11T14:34:00.900Z] Time:          Mon Oct 11 2021 11:34:00 GMT-0300 (hora estándar de Argentina)
[debug] [2021-10-11T14:34:00.900Z] ----------------------------------------------------------------------
[debug] 
[debug] [2021-10-11T14:34:00.902Z] >>> [apiv2][query] GET https://firebase-public.firebaseio.com/cli.json [none]
[debug] [2021-10-11T14:34:00.922Z] > command requires scopes: ["email","openid","https://www.googleapis.com/auth/cloudplatformprojects.readonly","https://www.googleapis.com/auth/firebase","https://www.googleapis.com/auth/cloud-platform"]
[debug] [2021-10-11T14:34:00.922Z] > authorizing via signed-in user (carlosale0312@gmail.com)
[info] 
     ######## #### ########  ######## ########     ###     ######  ########
     ##        ##  ##     ## ##       ##     ##  ##   ##  ##       ##
     ######    ##  ########  ######   ########  #########  ######  ######
     ##        ##  ##    ##  ##       ##     ## ##     ##       ## ##
     ##       #### ##     ## ######## ########  ##     ##  ######  ########

You're about to initialize a Firebase project in this directory:

  C:\Users\carlo\Desktop\Proyecto\Proyecto Loopstudio

[debug] [2021-10-11T14:34:01.440Z] <<< [apiv2][status] GET https://firebase-public.firebaseio.com/cli.json 200
[debug] [2021-10-11T14:34:01.440Z] <<< [apiv2][body] GET https://firebase-public.firebaseio.com/cli.json {"cloudBuildErrorAfter":1594252800000,"cloudBuildWarnAfter":1590019200000,"defaultNode10After":1594252800000,"minVersion":"3.0.5","node8DeploysDisabledAfter":1613390400000,"node8RuntimeDisabledAfter":1615809600000,"node8WarnAfter":1600128000000}
[info] 
=== Project Setup
[info] 
[info] First, let's associate this project directory with a Firebase project.
[info] You can create multiple project aliases by running firebase use --add, 
[info] but for now we'll just set up a default project.
[info] 
[debug] [2021-10-11T14:34:22.807Z] > refreshing access token with scopes: []
[debug] [2021-10-11T14:34:22.808Z] >>> HTTP REQUEST POST https://www.googleapis.com/oauth2/v3/token  
 <request body omitted>
[debug] [2021-10-11T14:34:22.907Z] <<< HTTP RESPONSE 200 {"cache-control":"no-cache, no-store, max-age=0, must-revalidate","pragma":"no-cache","expires":"Mon, 01 Jan 1990 00:00:00 GMT","date":"Mon, 11 Oct 2021 14:34:22 GMT","content-type":"application/json; charset=utf-8","vary":"X-Origin, Referer, Origin,Accept-Encoding","server":"scaffolding on HTTPServer2","x-xss-protection":"0","x-frame-options":"SAMEORIGIN","x-content-type-options":"nosniff","alt-svc":"h3=\":443\"; ma=2592000,h3-29=\":443\"; ma=2592000,h3-T051=\":443\"; ma=2592000,h3-Q050=\":443\"; ma=2592000,h3-Q046=\":443\"; ma=2592000,h3-Q043=\":443\"; ma=2592000,quic=\":443\"; ma=2592000; v=\"46,43\"","accept-ranges":"none","transfer-encoding":"chunked"}
[debug] [2021-10-11T14:34:22.918Z] >>> [apiv2][query] GET https://firebase.googleapis.com/v1beta1/projects pageSize=100
[debug] [2021-10-11T14:34:23.811Z] <<< [apiv2][status] GET https://firebase.googleapis.com/v1beta1/projects 200
[debug] [2021-10-11T14:34:23.811Z] <<< [apiv2][body] GET https://firebase.googleapis.com/v1beta1/projects [omitted]
[info] i  Using project loopstudios-roa03 (Loopstudios) 
[info] 
=== Hosting:github Setup
[info] 
[info] i  Detected a .git folder at C:\Users\carlo 
[info] i  Authorizing with GitHub to upload your service account to a GitHub repository's secrets store. 
[info] 
[info] Visit this URL on this device to log in:
[info] https://github.com/login/oauth/authorize?client_id=89cf50f02ac6aaed3484&state=244025995&redirect_uri=http%3A%2F%2Flocalhost%3A9005&scope=read%3Auser%20repo%20public_repo
[info] 
[info] Waiting for authentication...
[debug] [2021-10-11T14:34:32.670Z] >>> HTTP REQUEST POST https://github.com/login/oauth/access_token  
 {"client_id":"89cf50f02ac6aaed3484","client_secret":"3330d14abc895d9a74d5f17cd7a00711fa2c5bf0","code":"61823d64c1b61fb3bb46","redirect_uri":"http://localhost:9005","state":"244025995"}
[debug] [2021-10-11T14:34:32.989Z] <<< HTTP RESPONSE 200 {"server":"GitHub.com","date":"Mon, 11 Oct 2021 14:34:32 GMT","content-type":"application/json; charset=utf-8","transfer-encoding":"chunked","vary":"X-PJAX, X-PJAX-Container, Accept-Encoding, Accept, X-Requested-With","permissions-policy":"interest-cohort=()","etag":"W/\"d34a0a0da30ed68d36cd412c2e16e88d\"","cache-control":"max-age=0, private, must-revalidate","strict-transport-security":"max-age=31536000; includeSubdomains; preload","x-frame-options":"deny","x-content-type-options":"nosniff","x-xss-protection":"0","referrer-policy":"origin-when-cross-origin, strict-origin-when-cross-origin","expect-ct":"max-age=2592000, report-uri=\"https://api.github.com/_private/browser/errors\"","content-security-policy":"default-src 'none'; base-uri 'self'; block-all-mixed-content; child-src github.com/assets-cdn/worker/ gist.github.com/assets-cdn/worker/; connect-src 'self' uploads.github.com objects-origin.githubusercontent.com www.githubstatus.com collector.githubapp.com api.github.com github-cloud.s3.amazonaws.com github-production-repository-file-5c1aeb.s3.amazonaws.com github-production-upload-manifest-file-7fdce7.s3.amazonaws.com github-production-user-asset-6210df.s3.amazonaws.com cdn.optimizely.com logx.optimizely.com/v1/events translator.github.com wss://alive.github.com; font-src github.githubassets.com; form-action 'self' github.com gist.github.com objects-origin.githubusercontent.com; frame-ancestors 'none'; frame-src render.githubusercontent.com viewscreen.githubusercontent.com viewscreen-lab.githubusercontent.com; img-src 'self' data: github.githubassets.com identicons.github.com collector.githubapp.com github-cloud.s3.amazonaws.com secured-user-images.githubusercontent.com/ *.githubusercontent.com; manifest-src 'self'; media-src github.com user-images.githubusercontent.com/; script-src github.githubassets.com; style-src 'unsafe-inline' github.githubassets.com; worker-src github.com/assets-cdn/worker/ gist.github.com/assets-cdn/worker/ github.com/socket-worker-0af8a29d.js gist.github.com/socket-worker-0af8a29d.js","x-github-request-id":"15C1:47A1:5B4135:831959:61644B78"}
[debug] [2021-10-11T14:34:32.992Z] >>> [apiv2][query] GET https://api.github.com/user [none]
[debug] [2021-10-11T14:34:33.336Z] <<< [apiv2][status] GET https://api.github.com/user 200
[debug] [2021-10-11T14:34:33.336Z] <<< [apiv2][body] GET https://api.github.com/user {"login":"roac3","id":89363262,"node_id":"MDQ6VXNlcjg5MzYzMjYy","avatar_url":"https://avatars.githubusercontent.com/u/89363262?v=4","gravatar_id":"","url":"https://api.github.com/users/roac3","html_url":"https://github.com/roac3","followers_url":"https://api.github.com/users/roac3/followers","following_url":"https://api.github.com/users/roac3/following{/other_user}","gists_url":"https://api.github.com/users/roac3/gists{/gist_id}","starred_url":"https://api.github.com/users/roac3/starred{/owner}{/repo}","subscriptions_url":"https://api.github.com/users/roac3/subscriptions","organizations_url":"https://api.github.com/users/roac3/orgs","repos_url":"https://api.github.com/users/roac3/repos","events_url":"https://api.github.com/users/roac3/events{/privacy}","received_events_url":"https://api.github.com/users/roac3/received_events","type":"User","site_admin":false,"name":"Carlos Roa","company":null,"blog":"","location":null,"email":null,"hireable":null,"bio":null,"twitter_username":null,"public_repos":1,"public_gists":0,"followers":1,"following":0,"created_at":"2021-08-22T23:27:49Z","updated_at":"2021-10-07T01:01:30Z","private_gists":0,"total_private_repos":2,"owned_private_repos":2,"disk_usage":1429,"collaborators":0,"two_factor_authentication":false,"plan":{"name":"free","space":976562499,"collaborators":0,"private_repos":10000}}
[info] 
[info] +  Success! Logged into GitHub as roac3 
[info] 
